Thu Jan  2 08:50:44 AM CET 2025
Starting RVL-CDIP train set anonymization with mask out (100%) on partition: GPU
Running on: deepthought
Available CPUs: pid 2709109's current affinity list: 2,3,12,13 (logical CPU ids)
Available GPUs: Thu Jan  2 08:50:44 2025       
+---------------------------------------------------------------------------------------+
| NVIDIA-SMI 535.183.01             Driver Version: 535.183.01   CUDA Version: 12.2     |
|-----------------------------------------+----------------------+----------------------+
| GPU  Name                 Persistence-M | Bus-Id        Disp.A | Volatile Uncorr. ECC |
| Fan  Temp   Perf          Pwr:Usage/Cap |         Memory-Usage | GPU-Util  Compute M. |
|                                         |                      |               MIG M. |
|=========================================+======================+======================|
|   0  NVIDIA TITAN Xp                On  | 00000000:09:00.0 Off |                  N/A |
| 23%   26C    P8               9W / 250W |      1MiB / 12288MiB |      0%      Default |
|                                         |                      |                  N/A |
+-----------------------------------------+----------------------+----------------------+
                                                                                         
+---------------------------------------------------------------------------------------+
| Processes:                                                                            |
|  GPU   GI   CI        PID   Type   Process name                            GPU Memory |
|        ID   ID                                                             Usage      |
|=======================================================================================|
|  No running processes found                                                           |
+---------------------------------------------------------------------------------------+
Starting anonymization...
Anonymizing images:   0%|          | 0/100 [00:00<?, ?it/s]Anonymizing images:   7%|▋         | 7/100 [00:00<00:01, 61.52it/s]Anonymizing images:  14%|█▍        | 14/100 [00:00<00:01, 61.80it/s]Anonymizing images:  22%|██▏       | 22/100 [00:00<00:01, 67.42it/s]Anonymizing images:  29%|██▉       | 29/100 [00:00<00:01, 58.02it/s]Anonymizing images:  35%|███▌      | 35/100 [00:00<00:01, 40.85it/s]Anonymizing images:  41%|████      | 41/100 [00:00<00:01, 44.60it/s]Anonymizing images:  48%|████▊     | 48/100 [00:00<00:01, 48.81it/s]Anonymizing images:  54%|█████▍    | 54/100 [00:01<00:00, 47.93it/s]Anonymizing images:  60%|██████    | 60/100 [00:01<00:00, 48.69it/s]Anonymizing images:  68%|██████▊   | 68/100 [00:01<00:00, 56.64it/s]Anonymizing images:  76%|███████▌  | 76/100 [00:01<00:00, 62.13it/s]Anonymizing images:  83%|████████▎ | 83/100 [00:01<00:00, 60.72it/s]Anonymizing images:  90%|█████████ | 90/100 [00:01<00:00, 62.91it/s]Anonymizing images:  97%|█████████▋| 97/100 [00:01<00:00, 64.39it/s]Anonymizing images: 100%|██████████| 100/100 [00:01<00:00, 56.80it/s]
Anonymization completed. Anonymized images saved in /home/stud/m/mc085/mounted_home/dinov2/dinov2/data/datasets/RVL-CDIP/RVL-CDIP_masked/train
